
> vijay-hospital-website@0.1.0 dev
> next dev

⚠ Port 3000 is in use by process 22572, using available port 3001 instead.
▲ Next.js 16.2.9 (Turbopack)
- Local:         http://localhost:3001
- Network:       http://10.253.7.124:3001
- Environments: .env
✓ Ready in 1378ms
Attention: Next.js now collects completely anonymous telemetry regarding usage.
This information is used to shape Next.js' roadmap and prioritize features.
You can learn more, including how to opt-out if you'd not like to participate in this anonymous program, by visiting the following URL:
https://nextjs.org/telemetry


○ Compiling /health-packages ...
 GET /health-packages 200 in 5.1s (next.js: 4.2s, proxy.ts: 251ms, application-code: 634ms)
 GET /blogs 200 in 1742ms (next.js: 1441ms, proxy.ts: 22ms, application-code: 278ms)
 GET /blogs 200 in 119ms (next.js: 7ms, proxy.ts: 8ms, application-code: 104ms)
[browser] Uncaught Error: Hydration failed because the server rendered text didn't match the client. As a result this tree will be regenerated on the client. This can happen if a SSR-ed Client Component used:

- A server/client branch `if (typeof window !== 'undefined')`.
- Variable input such as `Date.now()` or `Math.random()` which changes each time it's called.
- Date formatting in a user's locale which doesn't match the server.
- External changing data without sending a snapshot of it along with the HTML.
- Invalid HTML tag nesting.

It can also happen if the client has a browser extension installed which messes with the HTML before React loaded.

https://react.dev/link/hydration-mismatch

  ...
    <div className="grid grid-..." style={{opacity:0}} ref={function useMotionRef.useCallback}>
      <motion.div variants={{initial:{...}, ...}}>
        <div style={{opacity:0, ...}} ref={function useMotionRef.useCallback}>
          <LinkComponent href="/blogs/tip...">
            <a ref={function} onClick={function onClick} onMouseEnter={function onMouseEnter} ...>
              <motion.div variants={{...}} whileHover="whileHover" whileTap="whileTap">
                <div tabIndex={0} style={{}} ref={function useMotionRef.useCallback}>
                  <_c className="h-full fle...">
                    <div ref={null} className="rounded-2x...">
                      <div>
                      <_c4 className="flex-1 fle...">
                        <div ref={null} className="px-6 py-4 ...">
                          <span>
                          <h3>
                          <p>
                          <div className="space-y-1 ...">
                            <p>
                            <p>
+                             6/15/2026
-                             15/6/2026
                      ...
      ...

    at <unknown> (https://react.dev/link/hydration-mismatch)
    at throwOnHydrationMismatch (file://D:/vijay hospital website/.next/dev/static/chunks/node_modules_next_dist_compiled_react-dom_096_9a-._.js:3318:56)
    at prepareToHydrateHostInstance (file://D:/vijay hospital website/.next/dev/static/chunks/node_modules_next_dist_compiled_react-dom_096_9a-._.js:3372:23)
    at completeWork (file://D:/vijay hospital website/.next/dev/static/chunks/node_modules_next_dist_compiled_react-dom_096_9a-._.js:6922:60)
    at runWithFiberInDEV (file://D:/vijay hospital website/.next/dev/static/chunks/node_modules_next_dist_compiled_react-dom_096_9a-._.js:965:74)
    at completeUnitOfWork (file://D:/vijay hospital website/.next/dev/static/chunks/node_modules_next_dist_compiled_react-dom_096_9a-._.js:9622:23)
    at performUnitOfWork (file://D:/vijay hospital website/.next/dev/static/chunks/node_modules_next_dist_compiled_react-dom_096_9a-._.js:9557:28)
    at workLoopConcurrentByScheduler (file://D:/vijay hospital website/.next/dev/static/chunks/node_modules_next_dist_compiled_react-dom_096_9a-._.js:9551:58)
    at renderRootConcurrent (file://D:/vijay hospital website/.next/dev/static/chunks/node_modules_next_dist_compiled_react-dom_096_9a-._.js:9534:71)
    at performWorkOnRoot (file://D:/vijay hospital website/.next/dev/static/chunks/node_modules_next_dist_compiled_react-dom_096_9a-._.js:9061:150)
    at performWorkOnRootViaSchedulerTask (file://D:/vijay hospital website/.next/dev/static/chunks/node_modules_next_dist_compiled_react-dom_096_9a-._.js:10255:9)
    at MessagePort.performWorkUntilDeadline (file://D:/vijay hospital website/.next/dev/static/chunks/node_modules_next_dist_compiled_1amofcm._.js:2647:64)
    at p (<anonymous>)
    at <unknown> (file://D:/vijay hospital website/.next/dev/static/chunks/src_0-lpj__._.js:2327:263)
    at Array.map (<anonymous>)
    at BlogsListClient (file://D:/vijay hospital website/.next/dev/static/chunks/src_0-lpj__._.js:2270:45)
    at BlogsPage (src\app\blogs\page.tsx:38:9)
  36 |
  37 |         {/* Blog Grid */}
> 38 |         <BlogsListClient />
     |         ^
  39 |
  40 |         {/* Support Banner */}
  41 |         <div className="bg-white py-16 px-6 border-t border-outline-variant/20">
 GET /coming-soon 200 in 816ms (next.js: 592ms, proxy.ts: 6ms, application-code: 217ms)
 GET / 200 in 1069ms (next.js: 1000ms, proxy.ts: 8ms, application-code: 61ms)
[browser] Detected `scroll-behavior: smooth` on the `<html>` element. To disable smooth scrolling during route transitions, add `data-scroll-behavior="smooth"` to your <html> element. Learn more: https://nextjs.org/docs/messages/missing-data-scroll-behavior (file://D:/vijay hospital website/.next/dev/static/chunks/node_modules_next_dist_1ybzpk2._.js:2477:13)
 GET /api/trpc/doctor.getServices,doctor.getSpecialties,doctor.search,doctor.getAll?batch=1&input=%7B%220%22%3A%7B%22json%22%3Anull%2C%22meta%22%3A%7B%22values%22%3A%5B%22undefined%22%5D%2C%22v%22%3A1%7D%7D%2C%221%22%3A%7B%22json%22%3Anull%2C%22meta%22%3A%7B%22values%22%3A%5B%22undefined%22%5D%2C%22v%22%3A1%7D%7D%2C%222%22%3A%7B%22json%22%3A%7B%22query%22%3Anull%2C%22specialty%22%3Anull%7D%2C%22meta%22%3A%7B%22values%22%3A%7B%22query%22%3A%5B%22undefined%22%5D%2C%22specialty%22%3A%5B%22undefined%22%5D%7D%2C%22v%22%3A1%7D%7D%2C%223%22%3A%7B%22json%22%3Anull%2C%22meta%22%3A%7B%22values%22%3A%5B%22undefined%22%5D%2C%22v%22%3A1%7D%7D%7D 200 in 2.2s (next.js: 2.1s, application-code: 66ms)
✓ Compiled in 158ms
 GET / 200 in 612ms (next.js: 312ms, proxy.ts: 95ms, application-code: 205ms)
 GET /health-packages 200 in 508ms (next.js: 27ms, proxy.ts: 404ms, application-code: 76ms)
Error: Route "/blogs/[slug]" used `params.slug`. `params` is a Promise and must be unwrapped with `await` or `React.use()` before accessing its properties. Learn more: https://nextjs.org/docs/messages/sync-dynamic-apis
    at <unknown> (src\app\blogs\[slug]\page.tsx:412:54)
    at Array.find (<anonymous>)
    at BlogDetailPage (src\app\blogs\[slug]\page.tsx:412:26)
  410 |
  411 | export default function BlogDetailPage({ params }: PageProps) {
> 412 |   const blog = mockBlogs.find((b) => b.id === params.slug);
      |                                                      ^
  413 |
  414 |   if (!blog) {
  415 |     return (
 GET /blogs/tips-heart-health 200 in 2.7s (next.js: 2.2s, proxy.ts: 10ms, generate-params: 1139ms, application-code: 503ms)
Error: Route "/blogs/[slug]" used `params.slug`. `params` is a Promise and must be unwrapped with `await` or `React.use()` before accessing its properties. Learn more: https://nextjs.org/docs/messages/sync-dynamic-apis
    at <unknown> (src\app\blogs\[slug]\page.tsx:412:54)
    at Array.find (<anonymous>)
    at BlogDetailPage (src\app\blogs\[slug]\page.tsx:412:26)
  410 |
  411 | export default function BlogDetailPage({ params }: PageProps) {
> 412 |   const blog = mockBlogs.find((b) => b.id === params.slug);
      |                                                      ^
  413 |
  414 |   if (!blog) {
  415 |     return (
 GET /blogs/tips-heart-health 200 in 213ms (next.js: 29ms, proxy.ts: 8ms, generate-params: 14ms, application-code: 177ms)
[?25h
